<?xml version="1.0" encoding="UTF-8"?>
<!-- Generated by org.testng.reporters.JUnitReportReporter -->
<testsuite hostname="PC" failures="0" tests="10" name="Runner.Runner" time="10.344" errors="0" timestamp="2021-03-24T10:14:09 CST" skipped="0">
  <testcase classname="Runner.Runner" name="test" time="2.773"/>
  <system-out/>
  <testcase classname="Runner.Runner" name="test" time="1.252"/>
  <system-out/>
  <testcase classname="Runner.Runner" name="test" time="0.967"/>
  <system-out/>
  <testcase classname="Runner.Runner" name="test" time="0.629"/>
  <system-out/>
  <testcase classname="Runner.Runner" name="test" time="0.664"/>
  <system-out/>
  <testcase classname="Runner.Runner" name="test" time="0.666"/>
  <system-out/>
  <testcase classname="Runner.Runner" name="test" time="0.626"/>
  <system-out/>
  <testcase classname="Runner.Runner" name="test" time="1.424"/>
  <system-out/>
  <testcase classname="Runner.Runner" name="test" time="0.719"/>
  <system-out/>
  <testcase classname="Runner.Runner" name="test" time="0.624"/>
  <system-out/>
</testsuite> <!-- Runner.Runner -->
