<?xml version="1.0" encoding="UTF-8"?>
<!-- Generated by org.testng.reporters.JUnitReportReporter -->
<testsuite hostname="PC" failures="0" tests="1" name="runner.Runner" time="4.721" errors="0" timestamp="2021-03-12T15:41:48 CST" skipped="0">
  <testcase classname="runner.Runner" name="test" time="4.721"/>
  <system-out/>
</testsuite> <!-- runner.Runner -->
