<?xml version="1.0" encoding="UTF-8"?>
<!-- Generated by org.testng.reporters.JUnitReportReporter -->
<testsuite hostname="PC" failures="0" tests="1" name="runner.Runner" time="4.599" errors="0" timestamp="2021-03-15T17:09:16 CST" skipped="0">
  <testcase classname="runner.Runner" name="test" time="4.599"/>
  <system-out/>
</testsuite> <!-- runner.Runner -->
