<?xml version="1.0" encoding="UTF-8"?>
<!-- Generated by org.testng.reporters.JUnitReportReporter -->
<testsuite hostname="PC" failures="0" tests="1" name="Runner.Runner" time="3.602" errors="0" timestamp="2021-03-29T12:33:10 CST" skipped="0">
  <testcase classname="Runner.Runner" name="test" time="3.602"/>
  <system-out/>
</testsuite> <!-- Runner.Runner -->
