<?xml version="1.0" encoding="UTF-8"?>
<!-- Generated by org.testng.reporters.JUnitReportReporter -->
<testsuite hostname="PC" failures="0" tests="5" name="Runner.Runner" time="6.540" errors="0" timestamp="2021-03-25T15:34:49 CST" skipped="0">
  <testcase classname="Runner.Runner" name="test" time="3.518"/>
  <system-out/>
  <testcase classname="Runner.Runner" name="test" time="0.640"/>
  <system-out/>
  <testcase classname="Runner.Runner" name="test" time="0.689"/>
  <system-out/>
  <testcase classname="Runner.Runner" name="test" time="0.975"/>
  <system-out/>
  <testcase classname="Runner.Runner" name="test" time="0.718"/>
  <system-out/>
</testsuite> <!-- Runner.Runner -->
