<?xml version="1.0" encoding="UTF-8"?>
<!-- Generated by org.testng.reporters.JUnitReportReporter -->
<testsuite hostname="PC" failures="0" tests="1" name="Runner.Runner" time="3.310" errors="0" timestamp="2021-03-22T14:56:36 CST" skipped="0">
  <testcase classname="Runner.Runner" name="test" time="3.310"/>
  <system-out/>
</testsuite> <!-- Runner.Runner -->
