<?xml version="1.0" encoding="UTF-8"?>
<!-- Generated by org.testng.reporters.JUnitReportReporter -->
<testsuite hostname="PC" failures="0" tests="1" name="Runner.Runner" time="2.871" errors="0" timestamp="2021-03-19T14:41:10 CST" skipped="0">
  <testcase classname="Runner.Runner" name="test" time="2.871"/>
  <system-out/>
</testsuite> <!-- Runner.Runner -->
